<?xml version="1.0" encoding="UTF-8"?>
<!-- Generated by org.testng.reporters.JUnitReportReporter -->
<testsuite skipped="0" hostname="APINDLHCSX89H2" name="SeleniumTests.ScrollPage" tests="1" failures="0" timestamp="09 Feb 2020 12:46:23 GMT" time="65.648" errors="0">
  <testcase name="scrollpage" time="65.648" classname="SeleniumTests.ScrollPage"/>
</testsuite> <!-- SeleniumTests.ScrollPage -->
