<?xml version="1.0" encoding="UTF-8"?>
<!-- Generated by org.testng.reporters.JUnitReportReporter -->
<testsuite skipped="0" hostname="APINDLHCSX89H2" name="com.packages.testcases.logintowordpresstestcasewithparameterize" tests="1" failures="0" timestamp="24 Mar 2019 13:22:44 GMT" time="12.994" errors="0">
  <testcase name="verifywordpresslogin" time="12.994" classname="com.packages.testcases.logintowordpresstestcasewithparameterize"/>
</testsuite> <!-- com.packages.testcases.logintowordpresstestcasewithparameterize -->
