<?xml version="1.0" encoding="UTF-8"?>
<!-- Generated by org.testng.reporters.JUnitReportReporter -->
<testsuite skipped="0" hostname="APINDLHCSX89H2" name="com.packages.testcases.loginwithparameterizationofopeningsite" tests="1" failures="0" timestamp="24 Mar 2019 13:38:49 GMT" time="13.102" errors="0">
  <testcase name="verifywordpresslogin" time="13.102" classname="com.packages.testcases.loginwithparameterizationofopeningsite"/>
</testsuite> <!-- com.packages.testcases.loginwithparameterizationofopeningsite -->
