<?xml version="1.0" encoding="UTF-8"?>
<!-- Generated by org.testng.reporters.JUnitReportReporter -->
<testsuite skipped="0" hostname="APINDLHCSX89H2" name="BasePackage.InvalidLogin" tests="2" failures="0" timestamp="27 Mar 2019 13:36:17 GMT" time="19.619" errors="0">
  <testcase name="InvalidlogintoApplication2" time="10.424" classname="BasePackage.InvalidLogin"/>
  <testcase name="InvalidlogintoApplication1" time="9.195" classname="BasePackage.InvalidLogin"/>
</testsuite> <!-- BasePackage.InvalidLogin -->
