<?xml version="1.0" encoding="UTF-8"?>
<!-- Generated by org.testng.reporters.JUnitReportReporter -->
<testsuite skipped="0" hostname="APINDLHCSX89H2" name="BasePackage.LoginScript" tests="1" failures="0" timestamp="27 Mar 2019 13:22:29 GMT" time="13.534" errors="0">
  <testcase name="logintoApplication" time="13.534" classname="BasePackage.LoginScript"/>
</testsuite> <!-- BasePackage.LoginScript -->
