<?xml version="1.0" encoding="UTF-8"?>
<!-- Generated by org.testng.reporters.JUnitReportReporter -->
<testsuite skipped="0" hostname="APINDLHCSX89H2" name="SeleniumTests.CnfigurationPathDemo" tests="1" failures="0" timestamp="27 Mar 2019 10:42:30 GMT" time="0.010" errors="0">
  <testcase name="testconfig" time="0.010" classname="SeleniumTests.CnfigurationPathDemo"/>
</testsuite> <!-- SeleniumTests.CnfigurationPathDemo -->
