<?xml version="1.0" encoding="UTF-8"?>
<!-- Generated by org.testng.reporters.JUnitReportReporter -->
<testsuite skipped="0" hostname="APINDLHCSX89H2" name="ListofTestCases.TestCase2" tests="1" failures="0" timestamp="22 Mar 2019 10:34:23 GMT" time="0.001" errors="0">
  <testcase name="runtwitter" time="0.001" classname="ListofTestCases.TestCase2"/>
</testsuite> <!-- ListofTestCases.TestCase2 -->
