<?xml version="1.0" encoding="UTF-8"?>
<!-- Generated by org.testng.reporters.JUnitReportReporter -->
<testsuite skipped="0" hostname="APINDLHCSX89H2" name="SeleniumTests.ConfigurationPathDemo1" tests="1" failures="0" timestamp="27 Mar 2019 11:58:53 GMT" time="17.551" errors="0">
  <testcase name="openchromewithpropertiesfile" time="17.551" classname="SeleniumTests.ConfigurationPathDemo1"/>
</testsuite> <!-- SeleniumTests.ConfigurationPathDemo1 -->
