<?xml version="1.0" encoding="UTF-8"?>
<!-- Generated by org.testng.reporters.JUnitReportReporter -->
<testsuite skipped="0" hostname="APINDLHCSX89H2" name="SeleniumTests.ScrollView$ScrollPage" tests="1" failures="0" timestamp="14 Mar 2019 10:29:39 GMT" time="9.283" errors="0">
  <testcase name="scrollpage" time="9.283" classname="SeleniumTests.ScrollView$ScrollPage"/>
</testsuite> <!-- SeleniumTests.ScrollView$ScrollPage -->
