<?xml version="1.0" encoding="UTF-8"?>
<!-- Generated by org.testng.reporters.JUnitReportReporter -->
<testsuite skipped="0" hostname="APINDLHCSX89H2" name="com.packages.testcases.logintowordpresstestcase1" tests="1" failures="0" timestamp="24 Mar 2019 12:57:45 GMT" time="12.529" errors="0">
  <testcase name="verifywordpresslogin" time="12.529" classname="com.packages.testcases.logintowordpresstestcase1"/>
</testsuite> <!-- com.packages.testcases.logintowordpresstestcase1 -->
