<?xml version="1.0" encoding="UTF-8"?>
<!-- Generated by org.testng.reporters.JUnitReportReporter -->
<testsuite skipped="0" hostname="APINDLHCSX89H2" name="SeleniumTests.SwitchFrames" tests="1" failures="0" timestamp="19 Mar 2019 07:14:27 GMT" time="36.383" errors="0">
  <testcase name="switchtonewframe" time="36.383" classname="SeleniumTests.SwitchFrames"/>
</testsuite> <!-- SeleniumTests.SwitchFrames -->
