<?xml version="1.0" encoding="UTF-8"?>
<!-- Generated by org.testng.reporters.JUnitReportReporter -->
<testsuite skipped="0" hostname="APINDLHCSX89H2" name="RunFailedTestCases.TestCase2" tests="1" failures="0" timestamp="22 Mar 2019 09:38:37 GMT" time="0.001" errors="0">
  <testcase name="runtwitter" time="0.001" classname="RunFailedTestCases.TestCase2"/>
</testsuite> <!-- RunFailedTestCases.TestCase2 -->
