<?xml version="1.0" encoding="UTF-8"?>
<!-- Generated by org.testng.reporters.JUnitReportReporter -->
<testsuite skipped="0" hostname="APINDLHCSX89H2" name="RunFailedTestCases.TestCase1" tests="1" failures="0" timestamp="22 Mar 2019 09:38:37 GMT" time="0.000" errors="0">
  <testcase name="runwordpress" time="0.000" classname="RunFailedTestCases.TestCase1"/>
</testsuite> <!-- RunFailedTestCases.TestCase1 -->
