<?xml version="1.0" encoding="UTF-8"?>
<!-- Generated by org.testng.reporters.JUnitReportReporter -->
<testsuite skipped="0" hostname="APINDLHCSX89H2" name="com.packages.testcases.verifyloginwithpagefactory" tests="1" failures="0" timestamp="24 Mar 2019 19:32:28 GMT" time="18.518" errors="0">
  <testcase name="verifylogin" time="18.518" classname="com.packages.testcases.verifyloginwithpagefactory"/>
</testsuite> <!-- com.packages.testcases.verifyloginwithpagefactory -->
