<?xml version="1.0" encoding="UTF-8"?>
<!-- Generated by org.testng.reporters.JUnitReportReporter -->
<testsuite skipped="0" hostname="APINDLHCSX89H2" name="SeleniumTests.verifypagetitle" tests="1" failures="0" timestamp="22 Jun 2020 07:20:31 GMT" time="23.206" errors="0">
  <testcase name="navigateToWarGamingSite" time="23.206" classname="SeleniumTests.verifypagetitle"/>
</testsuite> <!-- SeleniumTests.verifypagetitle -->
